
=== Mon Sep 23 18:45:45 2019

Packages were changed.
Update Mode: updateDependencies

The following packages were updated:
  com.unity.ide.vscode from version 1.0.7 to 1.1.0

=== Sun May 24 01:05:14 2020

Packages were changed.
Update Mode: updateDependencies

The following packages were updated:
  com.unity.ide.vscode from version 1.1.2 to 1.1.4
  com.unity.postprocessing from version 2.1.7 to 2.2.2
  com.unity.test-framework from version 1.1.2 to 1.1.13

=== Mon Jul 27 01:27:57 2020

Packages were changed.
Update Mode: updateDependencies

The following packages were updated:
  com.unity.ide.vscode from version 1.1.2 to 1.2.1
  com.unity.postprocessing from version 2.1.7 to 2.2.2
  com.unity.test-framework from version 1.1.2 to 1.1.14

=== Sat Dec 11 13:10:20 2021

Packages were changed.
Update Mode: updateDependencies

The following packages were added:
  com.unity.ide.visualstudio@2.0.8
The following packages were updated:
  com.unity.mobile.android-logcat from version 1.1.1 to 1.2.1
